Analysis & Synthesis report for mips_processor
Fri Jan 28 12:52:30 2022
Quartus Prime Version 18.1.0 Build 625 09/12/2018 SJ Lite Edition


---------------------
; Table of Contents ;
---------------------
  1. Legal Notice
  2. Analysis & Synthesis Summary
  3. Analysis & Synthesis Settings
  4. Parallel Compilation
  5. Analysis & Synthesis Source Files Read
  6. Analysis & Synthesis Resource Usage Summary
  7. Analysis & Synthesis Resource Utilization by Entity
  8. State Machine - |mips_processor|control_unit:control_inst|OPCODE
  9. Registers Removed During Synthesis
 10. Removed Registers Triggering Further Register Optimizations
 11. General Register Statistics
 12. Registers Packed Into Inferred Megafunctions
 13. Source assignments for memory:ram_inst|altsyncram:ram_s_rtl_0|altsyncram_8f71:auto_generated
 14. Parameter Settings for Inferred Entity Instance: memory:ram_inst|altsyncram:ram_s_rtl_0
 15. altsyncram Parameter Settings by Entity Instance
 16. Port Connectivity Checks: "memory:ram_inst"
 17. Port Connectivity Checks: "control_unit:control_inst"
 18. Port Connectivity Checks: "op_unit:op_inst"
 19. Post-Synthesis Netlist Statistics for Top Partition
 20. Elapsed Time Per Partition
 21. Analysis & Synthesis Messages



----------------
; Legal Notice ;
----------------
Copyright (C) 2018  Intel Corporation. All rights reserved.
Your use of Intel Corporation's design tools, logic functions 
and other software and tools, and its AMPP partner logic 
functions, and any output files from any of the foregoing 
(including device programming or simulation files), and any 
associated documentation or information are expressly subject 
to the terms and conditions of the Intel Program License 
Subscription Agreement, the Intel Quartus Prime License Agreement,
the Intel FPGA IP License Agreement, or other applicable license
agreement, including, without limitation, that your use is for
the sole purpose of programming logic devices manufactured by
Intel and sold by Intel or its authorized distributors.  Please
refer to the applicable agreement for further details.



+----------------------------------------------------------------------------------+
; Analysis & Synthesis Summary                                                     ;
+------------------------------------+---------------------------------------------+
; Analysis & Synthesis Status        ; Successful - Fri Jan 28 12:52:30 2022       ;
; Quartus Prime Version              ; 18.1.0 Build 625 09/12/2018 SJ Lite Edition ;
; Revision Name                      ; mips_processor                              ;
; Top-level Entity Name              ; mips_processor                              ;
; Family                             ; MAX 10                                      ;
; Total logic elements               ; 0                                           ;
;     Total combinational functions  ; 0                                           ;
;     Dedicated logic registers      ; 0                                           ;
; Total registers                    ; 0                                           ;
; Total pins                         ; 2                                           ;
; Total virtual pins                 ; 0                                           ;
; Total memory bits                  ; 0                                           ;
; Embedded Multiplier 9-bit elements ; 0                                           ;
; Total PLLs                         ; 0                                           ;
; UFM blocks                         ; 0                                           ;
; ADC blocks                         ; 0                                           ;
+------------------------------------+---------------------------------------------+


+------------------------------------------------------------------------------------------------------------+
; Analysis & Synthesis Settings                                                                              ;
+------------------------------------------------------------------+--------------------+--------------------+
; Option                                                           ; Setting            ; Default Value      ;
+------------------------------------------------------------------+--------------------+--------------------+
; Device                                                           ; 10M50DAF484C7G     ;                    ;
; Top-level entity name                                            ; mips_processor     ; mips_processor     ;
; Family name                                                      ; MAX 10             ; Cyclone V          ;
; Use smart compilation                                            ; Off                ; Off                ;
; Enable parallel Assembler and Timing Analyzer during compilation ; On                 ; On                 ;
; Enable compact report table                                      ; Off                ; Off                ;
; Restructure Multiplexers                                         ; Auto               ; Auto               ;
; Create Debugging Nodes for IP Cores                              ; Off                ; Off                ;
; Preserve fewer node names                                        ; On                 ; On                 ;
; Intel FPGA IP Evaluation Mode                                    ; Enable             ; Enable             ;
; Verilog Version                                                  ; Verilog_2001       ; Verilog_2001       ;
; VHDL Version                                                     ; VHDL_1993          ; VHDL_1993          ;
; State Machine Processing                                         ; Auto               ; Auto               ;
; Safe State Machine                                               ; Off                ; Off                ;
; Extract Verilog State Machines                                   ; On                 ; On                 ;
; Extract VHDL State Machines                                      ; On                 ; On                 ;
; Ignore Verilog initial constructs                                ; Off                ; Off                ;
; Iteration limit for constant Verilog loops                       ; 5000               ; 5000               ;
; Iteration limit for non-constant Verilog loops                   ; 250                ; 250                ;
; Add Pass-Through Logic to Inferred RAMs                          ; On                 ; On                 ;
; Infer RAMs from Raw Logic                                        ; On                 ; On                 ;
; Parallel Synthesis                                               ; On                 ; On                 ;
; DSP Block Balancing                                              ; Auto               ; Auto               ;
; NOT Gate Push-Back                                               ; On                 ; On                 ;
; Power-Up Don't Care                                              ; On                 ; On                 ;
; Remove Redundant Logic Cells                                     ; Off                ; Off                ;
; Remove Duplicate Registers                                       ; On                 ; On                 ;
; Ignore CARRY Buffers                                             ; Off                ; Off                ;
; Ignore CASCADE Buffers                                           ; Off                ; Off                ;
; Ignore GLOBAL Buffers                                            ; Off                ; Off                ;
; Ignore ROW GLOBAL Buffers                                        ; Off                ; Off                ;
; Ignore LCELL Buffers                                             ; Off                ; Off                ;
; Ignore SOFT Buffers                                              ; On                 ; On                 ;
; Limit AHDL Integers to 32 Bits                                   ; Off                ; Off                ;
; Optimization Technique                                           ; Balanced           ; Balanced           ;
; Carry Chain Length                                               ; 70                 ; 70                 ;
; Auto Carry Chains                                                ; On                 ; On                 ;
; Auto Open-Drain Pins                                             ; On                 ; On                 ;
; Perform WYSIWYG Primitive Resynthesis                            ; Off                ; Off                ;
; Auto ROM Replacement                                             ; On                 ; On                 ;
; Auto RAM Replacement                                             ; On                 ; On                 ;
; Auto DSP Block Replacement                                       ; On                 ; On                 ;
; Auto Shift Register Replacement                                  ; Auto               ; Auto               ;
; Allow Shift Register Merging across Hierarchies                  ; Auto               ; Auto               ;
; Auto Clock Enable Replacement                                    ; On                 ; On                 ;
; Strict RAM Replacement                                           ; Off                ; Off                ;
; Allow Synchronous Control Signals                                ; On                 ; On                 ;
; Force Use of Synchronous Clear Signals                           ; Off                ; Off                ;
; Auto RAM Block Balancing                                         ; On                 ; On                 ;
; Auto RAM to Logic Cell Conversion                                ; Off                ; Off                ;
; Auto Resource Sharing                                            ; Off                ; Off                ;
; Allow Any RAM Size For Recognition                               ; Off                ; Off                ;
; Allow Any ROM Size For Recognition                               ; Off                ; Off                ;
; Allow Any Shift Register Size For Recognition                    ; Off                ; Off                ;
; Use LogicLock Constraints during Resource Balancing              ; On                 ; On                 ;
; Ignore translate_off and synthesis_off directives                ; Off                ; Off                ;
; Timing-Driven Synthesis                                          ; On                 ; On                 ;
; Report Parameter Settings                                        ; On                 ; On                 ;
; Report Source Assignments                                        ; On                 ; On                 ;
; Report Connectivity Checks                                       ; On                 ; On                 ;
; Ignore Maximum Fan-Out Assignments                               ; Off                ; Off                ;
; Synchronization Register Chain Length                            ; 2                  ; 2                  ;
; Power Optimization During Synthesis                              ; Normal compilation ; Normal compilation ;
; HDL message level                                                ; Level2             ; Level2             ;
; Suppress Register Optimization Related Messages                  ; Off                ; Off                ;
; Number of Removed Registers Reported in Synthesis Report         ; 5000               ; 5000               ;
; Number of Swept Nodes Reported in Synthesis Report               ; 5000               ; 5000               ;
; Number of Inverted Registers Reported in Synthesis Report        ; 100                ; 100                ;
; Clock MUX Protection                                             ; On                 ; On                 ;
; Auto Gated Clock Conversion                                      ; Off                ; Off                ;
; Block Design Naming                                              ; Auto               ; Auto               ;
; SDC constraint protection                                        ; Off                ; Off                ;
; Synthesis Effort                                                 ; Auto               ; Auto               ;
; Shift Register Replacement - Allow Asynchronous Clear Signal     ; On                 ; On                 ;
; Pre-Mapping Resynthesis Optimization                             ; Off                ; Off                ;
; Analysis & Synthesis Message Level                               ; Medium             ; Medium             ;
; Disable Register Merging Across Hierarchies                      ; Auto               ; Auto               ;
; Resource Aware Inference For Block RAM                           ; On                 ; On                 ;
+------------------------------------------------------------------+--------------------+--------------------+


+------------------------------------------+
; Parallel Compilation                     ;
+----------------------------+-------------+
; Processors                 ; Number      ;
+----------------------------+-------------+
; Number detected on machine ; 12          ;
; Maximum allowed            ; 12          ;
;                            ;             ;
; Average used               ; 1.00        ;
; Maximum used               ; 1           ;
;                            ;             ;
; Usage by Processor         ; % Time Used ;
;     Processor 1            ; 100.0%      ;
+----------------------------+-------------+


+-----------------------------------------------------------------------------------------------------------------------------------------------------------------------------------------------------------------------+
; Analysis & Synthesis Source Files Read                                                                                                                                                                                ;
+------------------------------------------------+-----------------+-------------------------------------------------------+----------------------------------------------------------------------------------+---------+
; File Name with User-Entered Path               ; Used in Netlist ; File Type                                             ; File Name with Absolute Path                                                     ; Library ;
+------------------------------------------------+-----------------+-------------------------------------------------------+----------------------------------------------------------------------------------+---------+
; register_8_bit.vhd                             ; yes             ; User VHDL File                                        ; D:/Arbeit/Projekte/MIPS_processor/register_8_bit.vhd                             ;         ;
; programcounter.vhd                             ; yes             ; User VHDL File                                        ; D:/Arbeit/Projekte/MIPS_processor/programcounter.vhd                             ;         ;
; op_unit.vhd                                    ; yes             ; User VHDL File                                        ; D:/Arbeit/Projekte/MIPS_processor/op_unit.vhd                                    ;         ;
; mips_processor.vhd                             ; yes             ; User VHDL File                                        ; D:/Arbeit/Projekte/MIPS_processor/mips_processor.vhd                             ;         ;
; memory.vhd                                     ; yes             ; User VHDL File                                        ; D:/Arbeit/Projekte/MIPS_processor/memory.vhd                                     ;         ;
; control_unit.vhd                               ; yes             ; User VHDL File                                        ; D:/Arbeit/Projekte/MIPS_processor/control_unit.vhd                               ;         ;
; altsyncram.tdf                                 ; yes             ; Megafunction                                          ; c:/intelfpga_lite/18.1/quartus/libraries/megafunctions/altsyncram.tdf            ;         ;
; stratix_ram_block.inc                          ; yes             ; Megafunction                                          ; c:/intelfpga_lite/18.1/quartus/libraries/megafunctions/stratix_ram_block.inc     ;         ;
; lpm_mux.inc                                    ; yes             ; Megafunction                                          ; c:/intelfpga_lite/18.1/quartus/libraries/megafunctions/lpm_mux.inc               ;         ;
; lpm_decode.inc                                 ; yes             ; Megafunction                                          ; c:/intelfpga_lite/18.1/quartus/libraries/megafunctions/lpm_decode.inc            ;         ;
; aglobal181.inc                                 ; yes             ; Megafunction                                          ; c:/intelfpga_lite/18.1/quartus/libraries/megafunctions/aglobal181.inc            ;         ;
; a_rdenreg.inc                                  ; yes             ; Megafunction                                          ; c:/intelfpga_lite/18.1/quartus/libraries/megafunctions/a_rdenreg.inc             ;         ;
; altrom.inc                                     ; yes             ; Megafunction                                          ; c:/intelfpga_lite/18.1/quartus/libraries/megafunctions/altrom.inc                ;         ;
; altram.inc                                     ; yes             ; Megafunction                                          ; c:/intelfpga_lite/18.1/quartus/libraries/megafunctions/altram.inc                ;         ;
; altdpram.inc                                   ; yes             ; Megafunction                                          ; c:/intelfpga_lite/18.1/quartus/libraries/megafunctions/altdpram.inc              ;         ;
; db/altsyncram_8f71.tdf                         ; yes             ; Auto-Generated Megafunction                           ; D:/Arbeit/Projekte/MIPS_processor/db/altsyncram_8f71.tdf                         ;         ;
; db/mips_processor.ram0_memory_e411fb78.hdl.mif ; yes             ; Auto-Generated Auto-Found Memory Initialization File  ; D:/Arbeit/Projekte/MIPS_processor/db/mips_processor.ram0_memory_e411fb78.hdl.mif ;         ;
+------------------------------------------------+-----------------+-------------------------------------------------------+----------------------------------------------------------------------------------+---------+


+--------------------------------------------------------+
; Analysis & Synthesis Resource Usage Summary            ;
+---------------------------------------------+----------+
; Resource                                    ; Usage    ;
+---------------------------------------------+----------+
;                                             ;          ;
; Total combinational functions               ; 0        ;
; Logic element usage by number of LUT inputs ;          ;
;     -- 4 input functions                    ; 0        ;
;     -- 3 input functions                    ; 0        ;
;     -- <=2 input functions                  ; 0        ;
;                                             ;          ;
; Logic elements by mode                      ;          ;
;     -- normal mode                          ; 0        ;
;     -- arithmetic mode                      ; 0        ;
;                                             ;          ;
; Total registers                             ; 0        ;
;     -- Dedicated logic registers            ; 0        ;
;     -- I/O registers                        ; 0        ;
;                                             ;          ;
; I/O pins                                    ; 2        ;
;                                             ;          ;
; Embedded Multiplier 9-bit elements          ; 0        ;
;                                             ;          ;
; Maximum fan-out node                        ; rst_n_in ;
; Maximum fan-out                             ; 1        ;
; Total fan-out                               ; 2        ;
; Average fan-out                             ; 0.50     ;
+---------------------------------------------+----------+


+---------------------------------------------------------------------------------------------------------------------------------------------------------------------------------------------------------------------------------------+
; Analysis & Synthesis Resource Utilization by Entity                                                                                                                                                                                   ;
+----------------------------+---------------------+---------------------------+-------------+------------+--------------+---------+-----------+------+--------------+------------+---------------------+----------------+--------------+
; Compilation Hierarchy Node ; Combinational ALUTs ; Dedicated Logic Registers ; Memory Bits ; UFM Blocks ; DSP Elements ; DSP 9x9 ; DSP 18x18 ; Pins ; Virtual Pins ; ADC blocks ; Full Hierarchy Name ; Entity Name    ; Library Name ;
+----------------------------+---------------------+---------------------------+-------------+------------+--------------+---------+-----------+------+--------------+------------+---------------------+----------------+--------------+
; |mips_processor            ; 0 (0)               ; 0 (0)                     ; 0           ; 0          ; 0            ; 0       ; 0         ; 2    ; 0            ; 0          ; |mips_processor     ; mips_processor ; work         ;
+----------------------------+---------------------+---------------------------+-------------+------------+--------------+---------+-----------+------+--------------+------------+---------------------+----------------+--------------+
Note: For table entries with two numbers listed, the numbers in parentheses indicate the number of resources of the given type used by the specific entity alone. The numbers listed outside of parentheses indicate the total resources of the given type used by the specific entity and all of its sub-entities in the hierarchy.


Encoding Type:  One-Hot
+-------------------------------------------------------------------------------------------------------------------------------+
; State Machine - |mips_processor|control_unit:control_inst|OPCODE                                                              ;
+------------+-----------+------------+------------+------------+------------+------------+------------+------------+-----------+
; Name       ; OPCODE.EX ; OPCODE.DF2 ; OPCODE.DF1 ; OPCODE.ID2 ; OPCODE.ID1 ; OPCODE.IF3 ; OPCODE.IF2 ; OPCODE.IF1 ; OPCODE.NO ;
+------------+-----------+------------+------------+------------+------------+------------+------------+------------+-----------+
; OPCODE.NO  ; 0         ; 0          ; 0          ; 0          ; 0          ; 0          ; 0          ; 0          ; 0         ;
; OPCODE.IF1 ; 0         ; 0          ; 0          ; 0          ; 0          ; 0          ; 0          ; 1          ; 1         ;
; OPCODE.IF2 ; 0         ; 0          ; 0          ; 0          ; 0          ; 0          ; 1          ; 0          ; 1         ;
; OPCODE.IF3 ; 0         ; 0          ; 0          ; 0          ; 0          ; 1          ; 0          ; 0          ; 1         ;
; OPCODE.ID1 ; 0         ; 0          ; 0          ; 0          ; 1          ; 0          ; 0          ; 0          ; 1         ;
; OPCODE.ID2 ; 0         ; 0          ; 0          ; 1          ; 0          ; 0          ; 0          ; 0          ; 1         ;
; OPCODE.DF1 ; 0         ; 0          ; 1          ; 0          ; 0          ; 0          ; 0          ; 0          ; 1         ;
; OPCODE.DF2 ; 0         ; 1          ; 0          ; 0          ; 0          ; 0          ; 0          ; 0          ; 1         ;
; OPCODE.EX  ; 1         ; 0          ; 0          ; 0          ; 0          ; 0          ; 0          ; 0          ; 1         ;
+------------+-----------+------------+------------+------------+------------+------------+------------+------------+-----------+


+-------------------------------------------------------------------------------------------------------------+
; Registers Removed During Synthesis                                                                          ;
+----------------------------------------------------------+--------------------------------------------------+
; Register name                                            ; Reason for Removal                               ;
+----------------------------------------------------------+--------------------------------------------------+
; op_unit:op_inst|register_8_bit:reg_inst|register_s[0][7] ; Stuck at GND due to stuck port data_in           ;
; op_unit:op_inst|register_8_bit:reg_inst|register_s[0][6] ; Stuck at GND due to stuck port data_in           ;
; op_unit:op_inst|register_8_bit:reg_inst|register_s[0][5] ; Stuck at GND due to stuck port data_in           ;
; op_unit:op_inst|register_8_bit:reg_inst|register_s[0][4] ; Stuck at GND due to stuck port data_in           ;
; op_unit:op_inst|register_8_bit:reg_inst|register_s[0][3] ; Stuck at GND due to stuck port data_in           ;
; op_unit:op_inst|register_8_bit:reg_inst|register_s[0][2] ; Stuck at GND due to stuck port data_in           ;
; op_unit:op_inst|register_8_bit:reg_inst|register_s[0][1] ; Stuck at GND due to stuck port data_in           ;
; op_unit:op_inst|register_8_bit:reg_inst|register_s[0][0] ; Stuck at GND due to stuck port data_in           ;
; op_unit:op_inst|register_8_bit:reg_inst|register_s[1][7] ; Stuck at GND due to stuck port data_in           ;
; op_unit:op_inst|register_8_bit:reg_inst|register_s[1][6] ; Stuck at GND due to stuck port data_in           ;
; op_unit:op_inst|register_8_bit:reg_inst|register_s[1][5] ; Stuck at GND due to stuck port data_in           ;
; op_unit:op_inst|register_8_bit:reg_inst|register_s[1][4] ; Stuck at GND due to stuck port data_in           ;
; op_unit:op_inst|register_8_bit:reg_inst|register_s[1][3] ; Stuck at GND due to stuck port data_in           ;
; op_unit:op_inst|register_8_bit:reg_inst|register_s[1][2] ; Stuck at GND due to stuck port data_in           ;
; op_unit:op_inst|register_8_bit:reg_inst|register_s[1][1] ; Stuck at GND due to stuck port data_in           ;
; op_unit:op_inst|register_8_bit:reg_inst|register_s[1][0] ; Stuck at GND due to stuck port data_in           ;
; op_unit:op_inst|register_8_bit:reg_inst|register_s[2][7] ; Stuck at GND due to stuck port data_in           ;
; op_unit:op_inst|register_8_bit:reg_inst|register_s[2][6] ; Stuck at GND due to stuck port data_in           ;
; op_unit:op_inst|register_8_bit:reg_inst|register_s[2][5] ; Stuck at GND due to stuck port data_in           ;
; op_unit:op_inst|register_8_bit:reg_inst|register_s[2][4] ; Stuck at GND due to stuck port data_in           ;
; op_unit:op_inst|register_8_bit:reg_inst|register_s[2][3] ; Stuck at GND due to stuck port data_in           ;
; op_unit:op_inst|register_8_bit:reg_inst|register_s[2][2] ; Stuck at GND due to stuck port data_in           ;
; op_unit:op_inst|register_8_bit:reg_inst|register_s[2][1] ; Stuck at GND due to stuck port data_in           ;
; op_unit:op_inst|register_8_bit:reg_inst|register_s[2][0] ; Stuck at GND due to stuck port data_in           ;
; op_unit:op_inst|register_8_bit:reg_inst|register_s[3][7] ; Stuck at GND due to stuck port data_in           ;
; op_unit:op_inst|register_8_bit:reg_inst|register_s[3][6] ; Stuck at GND due to stuck port data_in           ;
; op_unit:op_inst|register_8_bit:reg_inst|register_s[3][5] ; Stuck at GND due to stuck port data_in           ;
; op_unit:op_inst|register_8_bit:reg_inst|register_s[3][4] ; Stuck at GND due to stuck port data_in           ;
; op_unit:op_inst|register_8_bit:reg_inst|register_s[3][3] ; Stuck at GND due to stuck port data_in           ;
; op_unit:op_inst|register_8_bit:reg_inst|register_s[3][2] ; Stuck at GND due to stuck port data_in           ;
; op_unit:op_inst|register_8_bit:reg_inst|register_s[3][1] ; Stuck at GND due to stuck port data_in           ;
; op_unit:op_inst|register_8_bit:reg_inst|register_s[3][0] ; Stuck at GND due to stuck port data_in           ;
; op_unit:op_inst|register_8_bit:reg_inst|register_s[4][7] ; Stuck at GND due to stuck port data_in           ;
; op_unit:op_inst|register_8_bit:reg_inst|register_s[4][6] ; Stuck at GND due to stuck port data_in           ;
; op_unit:op_inst|register_8_bit:reg_inst|register_s[4][5] ; Stuck at GND due to stuck port data_in           ;
; op_unit:op_inst|register_8_bit:reg_inst|register_s[4][4] ; Stuck at GND due to stuck port data_in           ;
; op_unit:op_inst|register_8_bit:reg_inst|register_s[4][3] ; Stuck at GND due to stuck port data_in           ;
; op_unit:op_inst|register_8_bit:reg_inst|register_s[4][2] ; Stuck at GND due to stuck port data_in           ;
; op_unit:op_inst|register_8_bit:reg_inst|register_s[4][1] ; Stuck at GND due to stuck port data_in           ;
; op_unit:op_inst|register_8_bit:reg_inst|register_s[4][0] ; Stuck at GND due to stuck port data_in           ;
; op_unit:op_inst|register_8_bit:reg_inst|register_s[5][7] ; Stuck at GND due to stuck port data_in           ;
; op_unit:op_inst|register_8_bit:reg_inst|register_s[5][6] ; Stuck at GND due to stuck port data_in           ;
; op_unit:op_inst|register_8_bit:reg_inst|register_s[5][5] ; Stuck at GND due to stuck port data_in           ;
; op_unit:op_inst|register_8_bit:reg_inst|register_s[5][4] ; Stuck at GND due to stuck port data_in           ;
; op_unit:op_inst|register_8_bit:reg_inst|register_s[5][3] ; Stuck at GND due to stuck port data_in           ;
; op_unit:op_inst|register_8_bit:reg_inst|register_s[5][2] ; Stuck at GND due to stuck port data_in           ;
; op_unit:op_inst|register_8_bit:reg_inst|register_s[5][1] ; Stuck at GND due to stuck port data_in           ;
; op_unit:op_inst|register_8_bit:reg_inst|register_s[5][0] ; Stuck at GND due to stuck port data_in           ;
; op_unit:op_inst|register_8_bit:reg_inst|register_s[6][7] ; Stuck at GND due to stuck port data_in           ;
; op_unit:op_inst|register_8_bit:reg_inst|register_s[6][6] ; Stuck at GND due to stuck port data_in           ;
; op_unit:op_inst|register_8_bit:reg_inst|register_s[6][5] ; Stuck at GND due to stuck port data_in           ;
; op_unit:op_inst|register_8_bit:reg_inst|register_s[6][4] ; Stuck at GND due to stuck port data_in           ;
; op_unit:op_inst|register_8_bit:reg_inst|register_s[6][3] ; Stuck at GND due to stuck port data_in           ;
; op_unit:op_inst|register_8_bit:reg_inst|register_s[6][2] ; Stuck at GND due to stuck port data_in           ;
; op_unit:op_inst|register_8_bit:reg_inst|register_s[6][1] ; Stuck at GND due to stuck port data_in           ;
; op_unit:op_inst|register_8_bit:reg_inst|register_s[6][0] ; Stuck at GND due to stuck port data_in           ;
; op_unit:op_inst|register_8_bit:reg_inst|register_s[7][7] ; Stuck at GND due to stuck port data_in           ;
; op_unit:op_inst|register_8_bit:reg_inst|register_s[7][6] ; Stuck at GND due to stuck port data_in           ;
; op_unit:op_inst|register_8_bit:reg_inst|register_s[7][5] ; Stuck at GND due to stuck port data_in           ;
; op_unit:op_inst|register_8_bit:reg_inst|register_s[7][4] ; Stuck at GND due to stuck port data_in           ;
; op_unit:op_inst|register_8_bit:reg_inst|register_s[7][3] ; Stuck at GND due to stuck port data_in           ;
; op_unit:op_inst|register_8_bit:reg_inst|register_s[7][2] ; Stuck at GND due to stuck port data_in           ;
; op_unit:op_inst|register_8_bit:reg_inst|register_s[7][1] ; Stuck at GND due to stuck port data_in           ;
; op_unit:op_inst|register_8_bit:reg_inst|register_s[7][0] ; Stuck at GND due to stuck port data_in           ;
; op_unit:op_inst|register_8_bit:reg_inst|da_out[0..7]     ; Stuck at GND due to stuck port data_in           ;
; op_unit:op_inst|register_8_bit:reg_inst|db_out[0..7]     ; Stuck at GND due to stuck port data_in           ;
; control_unit:control_inst|OPCODE.DF2                     ; Merged with control_unit:control_inst|OPCODE.DF1 ;
; control_unit:control_inst|OPCODE.EX                      ; Merged with control_unit:control_inst|OPCODE.DF1 ;
; control_unit:control_inst|OPCODE.NO                      ; Merged with control_unit:control_inst|OPCODE.DF1 ;
; control_unit:control_inst|OPCODE.DF1                     ; Stuck at GND due to stuck port data_in           ;
; control_unit:control_inst|OPCODE.IF3                     ; Stuck at GND due to stuck port data_in           ;
; control_unit:control_inst|OPCODE.ID1                     ; Stuck at GND due to stuck port data_in           ;
; control_unit:control_inst|OPCODE.IF2                     ; Stuck at GND due to stuck port data_in           ;
; memory:ram_inst|ram_s~21                                 ; Stuck at GND due to stuck port clock_enable      ;
; control_unit:control_inst|OPCODE.ID2                     ; Stuck at GND due to stuck port data_in           ;
; control_unit:control_inst|OPCODE.IF1                     ; Stuck at GND due to stuck port data_in           ;
; Total Number of Removed Registers = 90                   ;                                                  ;
+----------------------------------------------------------+--------------------------------------------------+


+-------------------------------------------------------------------------------------------------------------------------------------------------------------------+
; Removed Registers Triggering Further Register Optimizations                                                                                                       ;
+----------------------------------------------------------+---------------------------+----------------------------------------------------------------------------+
; Register name                                            ; Reason for Removal        ; Registers Removed due to This Register                                     ;
+----------------------------------------------------------+---------------------------+----------------------------------------------------------------------------+
; op_unit:op_inst|register_8_bit:reg_inst|register_s[0][7] ; Stuck at GND              ; op_unit:op_inst|register_8_bit:reg_inst|da_out[7],                         ;
;                                                          ; due to stuck port data_in ; op_unit:op_inst|register_8_bit:reg_inst|db_out[7]                          ;
; op_unit:op_inst|register_8_bit:reg_inst|register_s[0][6] ; Stuck at GND              ; op_unit:op_inst|register_8_bit:reg_inst|da_out[6],                         ;
;                                                          ; due to stuck port data_in ; op_unit:op_inst|register_8_bit:reg_inst|db_out[6]                          ;
; op_unit:op_inst|register_8_bit:reg_inst|register_s[0][5] ; Stuck at GND              ; op_unit:op_inst|register_8_bit:reg_inst|da_out[5],                         ;
;                                                          ; due to stuck port data_in ; op_unit:op_inst|register_8_bit:reg_inst|db_out[5]                          ;
; op_unit:op_inst|register_8_bit:reg_inst|register_s[0][4] ; Stuck at GND              ; op_unit:op_inst|register_8_bit:reg_inst|da_out[4],                         ;
;                                                          ; due to stuck port data_in ; op_unit:op_inst|register_8_bit:reg_inst|db_out[4]                          ;
; op_unit:op_inst|register_8_bit:reg_inst|register_s[0][3] ; Stuck at GND              ; op_unit:op_inst|register_8_bit:reg_inst|da_out[3],                         ;
;                                                          ; due to stuck port data_in ; op_unit:op_inst|register_8_bit:reg_inst|db_out[3]                          ;
; op_unit:op_inst|register_8_bit:reg_inst|register_s[0][2] ; Stuck at GND              ; op_unit:op_inst|register_8_bit:reg_inst|da_out[2],                         ;
;                                                          ; due to stuck port data_in ; op_unit:op_inst|register_8_bit:reg_inst|db_out[2]                          ;
; op_unit:op_inst|register_8_bit:reg_inst|register_s[0][1] ; Stuck at GND              ; op_unit:op_inst|register_8_bit:reg_inst|da_out[1],                         ;
;                                                          ; due to stuck port data_in ; op_unit:op_inst|register_8_bit:reg_inst|db_out[1]                          ;
; op_unit:op_inst|register_8_bit:reg_inst|register_s[0][0] ; Stuck at GND              ; op_unit:op_inst|register_8_bit:reg_inst|da_out[0],                         ;
;                                                          ; due to stuck port data_in ; op_unit:op_inst|register_8_bit:reg_inst|db_out[0]                          ;
; control_unit:control_inst|OPCODE.IF3                     ; Stuck at GND              ; control_unit:control_inst|OPCODE.ID2, control_unit:control_inst|OPCODE.IF1 ;
;                                                          ; due to stuck port data_in ;                                                                            ;
; control_unit:control_inst|OPCODE.DF1                     ; Stuck at GND              ; control_unit:control_inst|OPCODE.IF2                                       ;
;                                                          ; due to stuck port data_in ;                                                                            ;
+----------------------------------------------------------+---------------------------+----------------------------------------------------------------------------+


+------------------------------------------------------+
; General Register Statistics                          ;
+----------------------------------------------+-------+
; Statistic                                    ; Value ;
+----------------------------------------------+-------+
; Total registers                              ; 0     ;
; Number of registers using Synchronous Clear  ; 0     ;
; Number of registers using Synchronous Load   ; 0     ;
; Number of registers using Asynchronous Clear ; 0     ;
; Number of registers using Asynchronous Load  ; 0     ;
; Number of registers using Clock Enable       ; 0     ;
; Number of registers using Preset             ; 0     ;
+----------------------------------------------+-------+


+----------------------------------------------------------------------------------+
; Registers Packed Into Inferred Megafunctions                                     ;
+---------------------------------------------+-----------------------------+------+
; Register Name                               ; Megafunction                ; Type ;
+---------------------------------------------+-----------------------------+------+
; control_unit:control_inst|instr_reg_s[1..3] ; memory:ram_inst|ram_s_rtl_0 ; RAM  ;
+---------------------------------------------+-----------------------------+------+


+----------------------------------------------------------------------------------------------+
; Source assignments for memory:ram_inst|altsyncram:ram_s_rtl_0|altsyncram_8f71:auto_generated ;
+---------------------------------+--------------------+------+--------------------------------+
; Assignment                      ; Value              ; From ; To                             ;
+---------------------------------+--------------------+------+--------------------------------+
; OPTIMIZE_POWER_DURING_SYNTHESIS ; NORMAL_COMPILATION ; -    ; -                              ;
+---------------------------------+--------------------+------+--------------------------------+


+------------------------------------------------------------------------------------------------------+
; Parameter Settings for Inferred Entity Instance: memory:ram_inst|altsyncram:ram_s_rtl_0              ;
+------------------------------------+------------------------------------------------+----------------+
; Parameter Name                     ; Value                                          ; Type           ;
+------------------------------------+------------------------------------------------+----------------+
; BYTE_SIZE_BLOCK                    ; 8                                              ; Untyped        ;
; AUTO_CARRY_CHAINS                  ; ON                                             ; AUTO_CARRY     ;
; IGNORE_CARRY_BUFFERS               ; OFF                                            ; IGNORE_CARRY   ;
; AUTO_CASCADE_CHAINS                ; ON                                             ; AUTO_CASCADE   ;
; IGNORE_CASCADE_BUFFERS             ; OFF                                            ; IGNORE_CASCADE ;
; WIDTH_BYTEENA                      ; 1                                              ; Untyped        ;
; OPERATION_MODE                     ; ROM                                            ; Untyped        ;
; WIDTH_A                            ; 12                                             ; Untyped        ;
; WIDTHAD_A                          ; 8                                              ; Untyped        ;
; NUMWORDS_A                         ; 256                                            ; Untyped        ;
; OUTDATA_REG_A                      ; UNREGISTERED                                   ; Untyped        ;
; ADDRESS_ACLR_A                     ; NONE                                           ; Untyped        ;
; OUTDATA_ACLR_A                     ; NONE                                           ; Untyped        ;
; WRCONTROL_ACLR_A                   ; NONE                                           ; Untyped        ;
; INDATA_ACLR_A                      ; NONE                                           ; Untyped        ;
; BYTEENA_ACLR_A                     ; NONE                                           ; Untyped        ;
; WIDTH_B                            ; 1                                              ; Untyped        ;
; WIDTHAD_B                          ; 1                                              ; Untyped        ;
; NUMWORDS_B                         ; 1                                              ; Untyped        ;
; INDATA_REG_B                       ; CLOCK1                                         ; Untyped        ;
; WRCONTROL_WRADDRESS_REG_B          ; CLOCK1                                         ; Untyped        ;
; RDCONTROL_REG_B                    ; CLOCK1                                         ; Untyped        ;
; ADDRESS_REG_B                      ; CLOCK1                                         ; Untyped        ;
; OUTDATA_REG_B                      ; UNREGISTERED                                   ; Untyped        ;
; BYTEENA_REG_B                      ; CLOCK1                                         ; Untyped        ;
; INDATA_ACLR_B                      ; NONE                                           ; Untyped        ;
; WRCONTROL_ACLR_B                   ; NONE                                           ; Untyped        ;
; ADDRESS_ACLR_B                     ; NONE                                           ; Untyped        ;
; OUTDATA_ACLR_B                     ; NONE                                           ; Untyped        ;
; RDCONTROL_ACLR_B                   ; NONE                                           ; Untyped        ;
; BYTEENA_ACLR_B                     ; NONE                                           ; Untyped        ;
; WIDTH_BYTEENA_A                    ; 1                                              ; Untyped        ;
; WIDTH_BYTEENA_B                    ; 1                                              ; Untyped        ;
; RAM_BLOCK_TYPE                     ; AUTO                                           ; Untyped        ;
; BYTE_SIZE                          ; 8                                              ; Untyped        ;
; READ_DURING_WRITE_MODE_MIXED_PORTS ; DONT_CARE                                      ; Untyped        ;
; READ_DURING_WRITE_MODE_PORT_A      ; NEW_DATA_NO_NBE_READ                           ; Untyped        ;
; READ_DURING_WRITE_MODE_PORT_B      ; NEW_DATA_NO_NBE_READ                           ; Untyped        ;
; INIT_FILE                          ; db/mips_processor.ram0_memory_e411fb78.hdl.mif ; Untyped        ;
; INIT_FILE_LAYOUT                   ; PORT_A                                         ; Untyped        ;
; MAXIMUM_DEPTH                      ; 0                                              ; Untyped        ;
; CLOCK_ENABLE_INPUT_A               ; NORMAL                                         ; Untyped        ;
; CLOCK_ENABLE_INPUT_B               ; NORMAL                                         ; Untyped        ;
; CLOCK_ENABLE_OUTPUT_A              ; NORMAL                                         ; Untyped        ;
; CLOCK_ENABLE_OUTPUT_B              ; NORMAL                                         ; Untyped        ;
; CLOCK_ENABLE_CORE_A                ; USE_INPUT_CLKEN                                ; Untyped        ;
; CLOCK_ENABLE_CORE_B                ; USE_INPUT_CLKEN                                ; Untyped        ;
; ENABLE_ECC                         ; FALSE                                          ; Untyped        ;
; ECC_PIPELINE_STAGE_ENABLED         ; FALSE                                          ; Untyped        ;
; WIDTH_ECCSTATUS                    ; 3                                              ; Untyped        ;
; DEVICE_FAMILY                      ; MAX 10                                         ; Untyped        ;
; CBXI_PARAMETER                     ; altsyncram_8f71                                ; Untyped        ;
+------------------------------------+------------------------------------------------+----------------+
Note: In order to hide this table in the UI and the text report file, please set the "Show Parameter Settings in Synthesis Report" option in "Analysis and Synthesis Settings -> More Settings" to "Off".


+------------------------------------------------------------------------------------+
; altsyncram Parameter Settings by Entity Instance                                   ;
+-------------------------------------------+----------------------------------------+
; Name                                      ; Value                                  ;
+-------------------------------------------+----------------------------------------+
; Number of entity instances                ; 1                                      ;
; Entity Instance                           ; memory:ram_inst|altsyncram:ram_s_rtl_0 ;
;     -- OPERATION_MODE                     ; ROM                                    ;
;     -- WIDTH_A                            ; 12                                     ;
;     -- NUMWORDS_A                         ; 256                                    ;
;     -- OUTDATA_REG_A                      ; UNREGISTERED                           ;
;     -- WIDTH_B                            ; 1                                      ;
;     -- NUMWORDS_B                         ; 1                                      ;
;     -- ADDRESS_REG_B                      ; CLOCK1                                 ;
;     -- OUTDATA_REG_B                      ; UNREGISTERED                           ;
;     -- RAM_BLOCK_TYPE                     ; AUTO                                   ;
;     -- READ_DURING_WRITE_MODE_MIXED_PORTS ; DONT_CARE                              ;
+-------------------------------------------+----------------------------------------+


+-------------------------------------------------+
; Port Connectivity Checks: "memory:ram_inst"     ;
+---------------+-------+----------+--------------+
; Port          ; Type  ; Severity ; Details      ;
+---------------+-------+----------+--------------+
; we_in         ; Input ; Info     ; Stuck at GND ;
; data_in[3..0] ; Input ; Info     ; Stuck at GND ;
+---------------+-------+----------+--------------+


+---------------------------------------------------------------------------------------------------------------------------------------------------------------------------------+
; Port Connectivity Checks: "control_unit:control_inst"                                                                                                                           ;
+--------------+--------+----------+----------------------------------------------------------------------------------------------------------------------------------------------+
; Port         ; Type   ; Severity ; Details                                                                                                                                      ;
+--------------+--------+----------+----------------------------------------------------------------------------------------------------------------------------------------------+
; addr_bus_out ; Output ; Info     ; Connected to dangling logic. Logic that only feeds a dangling port will be removed.                                                          ;
; ce_in        ; Input  ; Warning  ; Declared by entity but not connected by instance. If a default value exists, it will be used.  Otherwise, the port will be connected to GND. ;
; data_bus_out ; Output ; Warning  ; Declared by entity but not connected by instance. Logic that only feeds a dangling port will be removed.                                     ;
+--------------+--------+----------+----------------------------------------------------------------------------------------------------------------------------------------------+


+----------------------------------------------------------------------------------------------------------------------+
; Port Connectivity Checks: "op_unit:op_inst"                                                                          ;
+------------+--------+----------+-------------------------------------------------------------------------------------+
; Port       ; Type   ; Severity ; Details                                                                             ;
+------------+--------+----------+-------------------------------------------------------------------------------------+
; data_in    ; Input  ; Info     ; Stuck at GND                                                                        ;
; status_out ; Output ; Info     ; Connected to dangling logic. Logic that only feeds a dangling port will be removed. ;
+------------+--------+----------+-------------------------------------------------------------------------------------+


+-----------------------------------------------------+
; Post-Synthesis Netlist Statistics for Top Partition ;
+-------------------+---------------------------------+
; Type              ; Count                           ;
+-------------------+---------------------------------+
; boundary_port     ; 2                               ;
;                   ;                                 ;
; Max LUT depth     ; 0.00                            ;
; Average LUT depth ; 0.00                            ;
+-------------------+---------------------------------+


+-------------------------------+
; Elapsed Time Per Partition    ;
+----------------+--------------+
; Partition Name ; Elapsed Time ;
+----------------+--------------+
; Top            ; 00:00:00     ;
+----------------+--------------+


+-------------------------------+
; Analysis & Synthesis Messages ;
+-------------------------------+
Info: *******************************************************************
Info: Running Quartus Prime Analysis & Synthesis
    Info: Version 18.1.0 Build 625 09/12/2018 SJ Lite Edition
    Info: Processing started: Fri Jan 28 12:52:22 2022
Info: Command: quartus_map --read_settings_files=on --write_settings_files=off mips_processor -c mips_processor
Warning (18236): Number of processors has not been specified which may cause overloading on shared machines.  Set the global assignment NUM_PARALLEL_PROCESSORS in your QSF to an appropriate value for best performance.
Info (20030): Parallel compilation is enabled and will use 12 of the 12 processors detected
Info (12021): Found 2 design units, including 1 entities, in source file register_8_bit.vhd
    Info (12022): Found design unit 1: register_8_bit-rtl File: D:/Arbeit/Projekte/MIPS_processor/register_8_bit.vhd Line: 42
    Info (12023): Found entity 1: register_8_bit File: D:/Arbeit/Projekte/MIPS_processor/register_8_bit.vhd Line: 26
Info (12021): Found 2 design units, including 1 entities, in source file programcounter.vhd
    Info (12022): Found design unit 1: programcounter-rtl File: D:/Arbeit/Projekte/MIPS_processor/programcounter.vhd Line: 42
    Info (12023): Found entity 1: programcounter File: D:/Arbeit/Projekte/MIPS_processor/programcounter.vhd Line: 31
Info (12021): Found 2 design units, including 1 entities, in source file op_unit.vhd
    Info (12022): Found design unit 1: op_unit-rlt File: D:/Arbeit/Projekte/MIPS_processor/op_unit.vhd Line: 37
    Info (12023): Found entity 1: op_unit File: D:/Arbeit/Projekte/MIPS_processor/op_unit.vhd Line: 24
Info (12021): Found 2 design units, including 1 entities, in source file mips_processor.vhd
    Info (12022): Found design unit 1: mips_processor-rtl File: D:/Arbeit/Projekte/MIPS_processor/mips_processor.vhd Line: 32
    Info (12023): Found entity 1: mips_processor File: D:/Arbeit/Projekte/MIPS_processor/mips_processor.vhd Line: 24
Info (12021): Found 2 design units, including 1 entities, in source file memory.vhd
    Info (12022): Found design unit 1: memory-rtl File: D:/Arbeit/Projekte/MIPS_processor/memory.vhd Line: 36
    Info (12023): Found entity 1: memory File: D:/Arbeit/Projekte/MIPS_processor/memory.vhd Line: 25
Info (12021): Found 2 design units, including 1 entities, in source file control_unit.vhd
    Info (12022): Found design unit 1: control_unit-rtl File: D:/Arbeit/Projekte/MIPS_processor/control_unit.vhd Line: 42
    Info (12023): Found entity 1: control_unit File: D:/Arbeit/Projekte/MIPS_processor/control_unit.vhd Line: 29
Info (12127): Elaborating entity "mips_processor" for the top level hierarchy
Info (12128): Elaborating entity "op_unit" for hierarchy "op_unit:op_inst" File: D:/Arbeit/Projekte/MIPS_processor/mips_processor.vhd Line: 84
Warning (10541): VHDL Signal Declaration warning at op_unit.vhd(31): used implicit default value for signal "status_out" because signal was never assigned a value or an explicit default value. Use of implicit default value may introduce unintended design optimizations. File: D:/Arbeit/Projekte/MIPS_processor/op_unit.vhd Line: 31
Warning (10541): VHDL Signal Declaration warning at op_unit.vhd(32): used implicit default value for signal "adr_reg_out" because signal was never assigned a value or an explicit default value. Use of implicit default value may introduce unintended design optimizations. File: D:/Arbeit/Projekte/MIPS_processor/op_unit.vhd Line: 32
Warning (10631): VHDL Process Statement warning at op_unit.vhd(85): inferring latch(es) for signal or variable "pc_d_s", which holds its previous value in one or more paths through the process File: D:/Arbeit/Projekte/MIPS_processor/op_unit.vhd Line: 85
Warning (10631): VHDL Process Statement warning at op_unit.vhd(85): inferring latch(es) for signal or variable "reg_d_s", which holds its previous value in one or more paths through the process File: D:/Arbeit/Projekte/MIPS_processor/op_unit.vhd Line: 85
Warning (10492): VHDL Process Statement warning at op_unit.vhd(104): signal "regb_q_s" is read inside the Process Statement but isn't in the Process Statement's sensitivity list File: D:/Arbeit/Projekte/MIPS_processor/op_unit.vhd Line: 104
Warning (10631): VHDL Process Statement warning at op_unit.vhd(99): inferring latch(es) for signal or variable "data_out", which holds its previous value in one or more paths through the process File: D:/Arbeit/Projekte/MIPS_processor/op_unit.vhd Line: 99
Info (10041): Inferred latch for "data_out[0]" at op_unit.vhd(99) File: D:/Arbeit/Projekte/MIPS_processor/op_unit.vhd Line: 99
Info (10041): Inferred latch for "data_out[1]" at op_unit.vhd(99) File: D:/Arbeit/Projekte/MIPS_processor/op_unit.vhd Line: 99
Info (10041): Inferred latch for "data_out[2]" at op_unit.vhd(99) File: D:/Arbeit/Projekte/MIPS_processor/op_unit.vhd Line: 99
Info (10041): Inferred latch for "data_out[3]" at op_unit.vhd(99) File: D:/Arbeit/Projekte/MIPS_processor/op_unit.vhd Line: 99
Info (10041): Inferred latch for "data_out[4]" at op_unit.vhd(99) File: D:/Arbeit/Projekte/MIPS_processor/op_unit.vhd Line: 99
Info (10041): Inferred latch for "data_out[5]" at op_unit.vhd(99) File: D:/Arbeit/Projekte/MIPS_processor/op_unit.vhd Line: 99
Info (10041): Inferred latch for "data_out[6]" at op_unit.vhd(99) File: D:/Arbeit/Projekte/MIPS_processor/op_unit.vhd Line: 99
Info (10041): Inferred latch for "data_out[7]" at op_unit.vhd(99) File: D:/Arbeit/Projekte/MIPS_processor/op_unit.vhd Line: 99
Info (10041): Inferred latch for "reg_d_s[0]" at op_unit.vhd(85) File: D:/Arbeit/Projekte/MIPS_processor/op_unit.vhd Line: 85
Info (10041): Inferred latch for "reg_d_s[1]" at op_unit.vhd(85) File: D:/Arbeit/Projekte/MIPS_processor/op_unit.vhd Line: 85
Info (10041): Inferred latch for "reg_d_s[2]" at op_unit.vhd(85) File: D:/Arbeit/Projekte/MIPS_processor/op_unit.vhd Line: 85
Info (10041): Inferred latch for "reg_d_s[3]" at op_unit.vhd(85) File: D:/Arbeit/Projekte/MIPS_processor/op_unit.vhd Line: 85
Info (10041): Inferred latch for "reg_d_s[4]" at op_unit.vhd(85) File: D:/Arbeit/Projekte/MIPS_processor/op_unit.vhd Line: 85
Info (10041): Inferred latch for "reg_d_s[5]" at op_unit.vhd(85) File: D:/Arbeit/Projekte/MIPS_processor/op_unit.vhd Line: 85
Info (10041): Inferred latch for "reg_d_s[6]" at op_unit.vhd(85) File: D:/Arbeit/Projekte/MIPS_processor/op_unit.vhd Line: 85
Info (10041): Inferred latch for "reg_d_s[7]" at op_unit.vhd(85) File: D:/Arbeit/Projekte/MIPS_processor/op_unit.vhd Line: 85
Info (10041): Inferred latch for "pc_d_s[0]" at op_unit.vhd(85) File: D:/Arbeit/Projekte/MIPS_processor/op_unit.vhd Line: 85
Info (10041): Inferred latch for "pc_d_s[1]" at op_unit.vhd(85) File: D:/Arbeit/Projekte/MIPS_processor/op_unit.vhd Line: 85
Info (10041): Inferred latch for "pc_d_s[2]" at op_unit.vhd(85) File: D:/Arbeit/Projekte/MIPS_processor/op_unit.vhd Line: 85
Info (10041): Inferred latch for "pc_d_s[3]" at op_unit.vhd(85) File: D:/Arbeit/Projekte/MIPS_processor/op_unit.vhd Line: 85
Info (10041): Inferred latch for "pc_d_s[4]" at op_unit.vhd(85) File: D:/Arbeit/Projekte/MIPS_processor/op_unit.vhd Line: 85
Info (10041): Inferred latch for "pc_d_s[5]" at op_unit.vhd(85) File: D:/Arbeit/Projekte/MIPS_processor/op_unit.vhd Line: 85
Info (10041): Inferred latch for "pc_d_s[6]" at op_unit.vhd(85) File: D:/Arbeit/Projekte/MIPS_processor/op_unit.vhd Line: 85
Info (10041): Inferred latch for "pc_d_s[7]" at op_unit.vhd(85) File: D:/Arbeit/Projekte/MIPS_processor/op_unit.vhd Line: 85
Info (12128): Elaborating entity "programcounter" for hierarchy "op_unit:op_inst|programcounter:pc_inst" File: D:/Arbeit/Projekte/MIPS_processor/op_unit.vhd Line: 112
Warning (10541): VHDL Signal Declaration warning at programcounter.vhd(38): used implicit default value for signal "d_out" because signal was never assigned a value or an explicit default value. Use of implicit default value may introduce unintended design optimizations. File: D:/Arbeit/Projekte/MIPS_processor/programcounter.vhd Line: 38
Info (12128): Elaborating entity "register_8_bit" for hierarchy "op_unit:op_inst|register_8_bit:reg_inst" File: D:/Arbeit/Projekte/MIPS_processor/op_unit.vhd Line: 120
Info (12128): Elaborating entity "control_unit" for hierarchy "control_unit:control_inst" File: D:/Arbeit/Projekte/MIPS_processor/mips_processor.vhd Line: 94
Warning (10541): VHDL Signal Declaration warning at control_unit.vhd(36): used implicit default value for signal "addr_bus_out" because signal was never assigned a value or an explicit default value. Use of implicit default value may introduce unintended design optimizations. File: D:/Arbeit/Projekte/MIPS_processor/control_unit.vhd Line: 36
Warning (10541): VHDL Signal Declaration warning at control_unit.vhd(37): used implicit default value for signal "data_bus_out" because signal was never assigned a value or an explicit default value. Use of implicit default value may introduce unintended design optimizations. File: D:/Arbeit/Projekte/MIPS_processor/control_unit.vhd Line: 37
Warning (10541): VHDL Signal Declaration warning at control_unit.vhd(38): used implicit default value for signal "inst_bus_out" because signal was never assigned a value or an explicit default value. Use of implicit default value may introduce unintended design optimizations. File: D:/Arbeit/Projekte/MIPS_processor/control_unit.vhd Line: 38
Warning (10036): Verilog HDL or VHDL warning at control_unit.vhd(56): object "data_reg_s" assigned a value but never read File: D:/Arbeit/Projekte/MIPS_processor/control_unit.vhd Line: 56
Warning (10036): Verilog HDL or VHDL warning at control_unit.vhd(57): object "instr_bus_s" assigned a value but never read File: D:/Arbeit/Projekte/MIPS_processor/control_unit.vhd Line: 57
Info (12128): Elaborating entity "memory" for hierarchy "memory:ram_inst" File: D:/Arbeit/Projekte/MIPS_processor/mips_processor.vhd Line: 102
Info (19000): Inferred 1 megafunctions from design logic
    Info (276029): Inferred altsyncram megafunction from the following design logic: "memory:ram_inst|ram_s_rtl_0" 
        Info (286033): Parameter OPERATION_MODE set to ROM
        Info (286033): Parameter WIDTH_A set to 12
        Info (286033): Parameter WIDTHAD_A set to 8
        Info (286033): Parameter NUMWORDS_A set to 256
        Info (286033): Parameter OUTDATA_REG_A set to UNREGISTERED
        Info (286033): Parameter ADDRESS_ACLR_A set to NONE
        Info (286033): Parameter OUTDATA_ACLR_A set to NONE
        Info (286033): Parameter INDATA_ACLR_A set to NONE
        Info (286033): Parameter WRCONTROL_ACLR_A set to NONE
        Info (286033): Parameter INIT_FILE set to db/mips_processor.ram0_memory_e411fb78.hdl.mif
Info (12130): Elaborated megafunction instantiation "memory:ram_inst|altsyncram:ram_s_rtl_0"
Info (12133): Instantiated megafunction "memory:ram_inst|altsyncram:ram_s_rtl_0" with the following parameter:
    Info (12134): Parameter "OPERATION_MODE" = "ROM"
    Info (12134): Parameter "WIDTH_A" = "12"
    Info (12134): Parameter "WIDTHAD_A" = "8"
    Info (12134): Parameter "NUMWORDS_A" = "256"
    Info (12134): Parameter "OUTDATA_REG_A" = "UNREGISTERED"
    Info (12134): Parameter "ADDRESS_ACLR_A" = "NONE"
    Info (12134): Parameter "OUTDATA_ACLR_A" = "NONE"
    Info (12134): Parameter "INDATA_ACLR_A" = "NONE"
    Info (12134): Parameter "WRCONTROL_ACLR_A" = "NONE"
    Info (12134): Parameter "INIT_FILE" = "db/mips_processor.ram0_memory_e411fb78.hdl.mif"
Info (12021): Found 1 design units, including 1 entities, in source file db/altsyncram_8f71.tdf
    Info (12023): Found entity 1: altsyncram_8f71 File: D:/Arbeit/Projekte/MIPS_processor/db/altsyncram_8f71.tdf Line: 27
Warning (14284): Synthesized away the following node(s):
    Warning (14285): Synthesized away the following RAM node(s):
        Warning (14320): Synthesized away node "memory:ram_inst|altsyncram:ram_s_rtl_0|altsyncram_8f71:auto_generated|ram_block1a0" File: D:/Arbeit/Projekte/MIPS_processor/db/altsyncram_8f71.tdf Line: 35
        Warning (14320): Synthesized away node "memory:ram_inst|altsyncram:ram_s_rtl_0|altsyncram_8f71:auto_generated|ram_block1a1" File: D:/Arbeit/Projekte/MIPS_processor/db/altsyncram_8f71.tdf Line: 56
        Warning (14320): Synthesized away node "memory:ram_inst|altsyncram:ram_s_rtl_0|altsyncram_8f71:auto_generated|ram_block1a2" File: D:/Arbeit/Projekte/MIPS_processor/db/altsyncram_8f71.tdf Line: 77
        Warning (14320): Synthesized away node "memory:ram_inst|altsyncram:ram_s_rtl_0|altsyncram_8f71:auto_generated|ram_block1a3" File: D:/Arbeit/Projekte/MIPS_processor/db/altsyncram_8f71.tdf Line: 98
        Warning (14320): Synthesized away node "memory:ram_inst|altsyncram:ram_s_rtl_0|altsyncram_8f71:auto_generated|ram_block1a4" File: D:/Arbeit/Projekte/MIPS_processor/db/altsyncram_8f71.tdf Line: 119
        Warning (14320): Synthesized away node "memory:ram_inst|altsyncram:ram_s_rtl_0|altsyncram_8f71:auto_generated|ram_block1a5" File: D:/Arbeit/Projekte/MIPS_processor/db/altsyncram_8f71.tdf Line: 140
        Warning (14320): Synthesized away node "memory:ram_inst|altsyncram:ram_s_rtl_0|altsyncram_8f71:auto_generated|ram_block1a6" File: D:/Arbeit/Projekte/MIPS_processor/db/altsyncram_8f71.tdf Line: 161
        Warning (14320): Synthesized away node "memory:ram_inst|altsyncram:ram_s_rtl_0|altsyncram_8f71:auto_generated|ram_block1a7" File: D:/Arbeit/Projekte/MIPS_processor/db/altsyncram_8f71.tdf Line: 182
        Warning (14320): Synthesized away node "memory:ram_inst|altsyncram:ram_s_rtl_0|altsyncram_8f71:auto_generated|ram_block1a8" File: D:/Arbeit/Projekte/MIPS_processor/db/altsyncram_8f71.tdf Line: 203
        Warning (14320): Synthesized away node "memory:ram_inst|altsyncram:ram_s_rtl_0|altsyncram_8f71:auto_generated|ram_block1a9" File: D:/Arbeit/Projekte/MIPS_processor/db/altsyncram_8f71.tdf Line: 224
        Warning (14320): Synthesized away node "memory:ram_inst|altsyncram:ram_s_rtl_0|altsyncram_8f71:auto_generated|ram_block1a10" File: D:/Arbeit/Projekte/MIPS_processor/db/altsyncram_8f71.tdf Line: 245
        Warning (14320): Synthesized away node "memory:ram_inst|altsyncram:ram_s_rtl_0|altsyncram_8f71:auto_generated|ram_block1a11" File: D:/Arbeit/Projekte/MIPS_processor/db/altsyncram_8f71.tdf Line: 266
Warning (12241): 1 hierarchies have connectivity warnings - see the Connectivity Checks report folder
Info (16010): Generating hard_block partition "hard_block:auto_generated_inst"
    Info (16011): Adding 0 node(s), including 0 DDIO, 0 PLL, 0 transceiver and 0 LCELL
Warning (21074): Design contains 2 input pin(s) that do not drive logic
    Warning (15610): No output dependent on input pin "rst_n_in" File: D:/Arbeit/Projekte/MIPS_processor/mips_processor.vhd Line: 28
    Warning (15610): No output dependent on input pin "clk_in" File: D:/Arbeit/Projekte/MIPS_processor/mips_processor.vhd Line: 27
Info (21057): Implemented 2 device resources after synthesis - the final resource count might be different
    Info (21058): Implemented 2 input pins
    Info (21059): Implemented 0 output pins
Info: Quartus Prime Analysis & Synthesis was successful. 0 errors, 31 warnings
    Info: Peak virtual memory: 4799 megabytes
    Info: Processing ended: Fri Jan 28 12:52:30 2022
    Info: Elapsed time: 00:00:08
    Info: Total CPU time (on all processors): 00:00:17


